<?xml version="1.0" encoding="UTF-8"?>
<testsuite name="com.testrunner.runner" time="7.159" tests="1" errors="0" skipped="0" failures="1">
  <properties>
[...]
</properties>
  <testcase name="Validating the data driven reusable concept" classname="verifying the reusable datadriven testing concept" time="7.159">
    <failure message="expected:&lt;[Invlid ID]&gt; but was:&lt;[Data updated successfully]&gt;" type="org.junit.ComparisonFailure"><![CDATA[org.junit.ComparisonFailure: expected:<[Invlid ID]> but was:<[Data updated successfully]>
	at org.junit.Assert.assertEquals(Assert.java:117)
	at org.junit.Assert.assertEquals(Assert.java:146)
	at com.StepDefination.Reusable_step.the_in_response_body_is(Reusable_step.java:68)
	at ✽.The "message" in response body is "Data updated successfully"(file:///C:/Users/edwin/Moneycontrolsworkspace/HybridPHPAPIRESTASSURED/src/test/resources/Features/Reusable.feature:6)
]]></failure>
    <system-out><![CDATA[api/update.php
08-06-2020 00:51:58 Reusable_step.java INFO  [main] util.Apiutility 48 - ************putmethod******************************
08-06-2020 00:52:00 BasicClientConnectionManager.java DEBUG [main] conn.BasicClientConnectionManager 161 - Get connection for route {s}->https://www.change2testautomation.com:443
08-06-2020 00:52:00 DefaultClientConnectionOperator.java DEBUG [main] conn.DefaultClientConnectionOperator 177 - Connecting to www.change2testautomation.com:443
08-06-2020 00:52:01 RequestAddCookies.java DEBUG [main] protocol.RequestAddCookies 123 - CookieSpec selected: ignoreCookies
08-06-2020 00:52:01 RequestAuthCache.java DEBUG [main] protocol.RequestAuthCache 77 - Auth cache not set in the context
08-06-2020 00:52:01 RequestTargetAuthentication.java DEBUG [main] protocol.RequestTargetAuthentication 80 - Target auth state: UNCHALLENGED
08-06-2020 00:52:01 RequestProxyAuthentication.java DEBUG [main] protocol.RequestProxyAuthentication 89 - Proxy auth state: UNCHALLENGED
08-06-2020 00:52:01 DefaultRequestDirector.java DEBUG [main] client.DefaultHttpClient 682 - Attempt 1 to execute request
08-06-2020 00:52:01 DefaultClientConnection.java DEBUG [main] conn.DefaultClientConnection 274 - Sending request: PUT /api/update.php HTTP/1.1
08-06-2020 00:52:01 Wire.java DEBUG [main] http.wire 73 -  >> "PUT /api/update.php HTTP/1.1[\r][\n]"
08-06-2020 00:52:02 Wire.java DEBUG [main] http.wire 73 -  >> "Accept: */*[\r][\n]"
08-06-2020 00:52:02 Wire.java DEBUG [main] http.wire 73 -  >> "Content-Type: application/json; charset=UTF-8[\r][\n]"
08-06-2020 00:52:02 Wire.java DEBUG [main] http.wire 73 -  >> "Content-Length: 26[\r][\n]"
08-06-2020 00:52:02 Wire.java DEBUG [main] http.wire 73 -  >> "Host: www.change2testautomation.com[\r][\n]"
08-06-2020 00:52:02 Wire.java DEBUG [main] http.wire 73 -  >> "Connection: Keep-Alive[\r][\n]"
08-06-2020 00:52:02 Wire.java DEBUG [main] http.wire 73 -  >> "User-Agent: Apache-HttpClient/4.5.3 (Java/1.8.0_221)[\r][\n]"
08-06-2020 00:52:02 Wire.java DEBUG [main] http.wire 73 -  >> "Accept-Encoding: gzip,deflate[\r][\n]"
08-06-2020 00:52:02 Wire.java DEBUG [main] http.wire 73 -  >> "[\r][\n]"
08-06-2020 00:52:02 DefaultClientConnection.java DEBUG [main] http.headers 278 - >> PUT /api/update.php HTTP/1.1
08-06-2020 00:52:02 DefaultClientConnection.java DEBUG [main] http.headers 281 - >> Accept: */*
08-06-2020 00:52:02 DefaultClientConnection.java DEBUG [main] http.headers 281 - >> Content-Type: application/json; charset=UTF-8
08-06-2020 00:52:02 DefaultClientConnection.java DEBUG [main] http.headers 281 - >> Content-Length: 26
08-06-2020 00:52:02 DefaultClientConnection.java DEBUG [main] http.headers 281 - >> Host: www.change2testautomation.com
08-06-2020 00:52:02 DefaultClientConnection.java DEBUG [main] http.headers 281 - >> Connection: Keep-Alive
08-06-2020 00:52:02 DefaultClientConnection.java DEBUG [main] http.headers 281 - >> User-Agent: Apache-HttpClient/4.5.3 (Java/1.8.0_221)
08-06-2020 00:52:02 DefaultClientConnection.java DEBUG [main] http.headers 281 - >> Accept-Encoding: gzip,deflate
08-06-2020 00:52:02 Wire.java DEBUG [main] http.wire 87 -  >> "{"author":"b12","id":"48"}"
08-06-2020 00:52:02 Wire.java DEBUG [main] http.wire 73 -  << "HTTP/1.1 200 OK[\r][\n]"
08-06-2020 00:52:02 Wire.java DEBUG [main] http.wire 73 -  << "Date: Thu, 06 Aug 2020 05:52:01 GMT[\r][\n]"
08-06-2020 00:52:02 Wire.java DEBUG [main] http.wire 73 -  << "Server: Apache[\r][\n]"
08-06-2020 00:52:02 Wire.java DEBUG [main] http.wire 73 -  << "X-Powered-By: PHP/5.6.40[\r][\n]"
08-06-2020 00:52:02 Wire.java DEBUG [main] http.wire 73 -  << "Access-Control-Allow-Origin: *[\r][\n]"
08-06-2020 00:52:02 Wire.java DEBUG [main] http.wire 73 -  << "Access-Control-Allow-Methods: PUT[\r][\n]"
08-06-2020 00:52:02 Wire.java DEBUG [main] http.wire 73 -  << "Access-Control-Allow-Headers: Content-Type, Access-Control-Allow-Headers, Authorization, X-Requested-With[\r][\n]"
08-06-2020 00:52:02 Wire.java DEBUG [main] http.wire 73 -  << "Upgrade: h2,h2c[\r][\n]"
08-06-2020 00:52:02 Wire.java DEBUG [main] http.wire 73 -  << "Connection: Upgrade[\r][\n]"
08-06-2020 00:52:02 Wire.java DEBUG [main] http.wire 73 -  << "Content-Length: 23[\r][\n]"
08-06-2020 00:52:02 Wire.java DEBUG [main] http.wire 73 -  << "Content-Type: application/json; charset=UTF-8[\r][\n]"
08-06-2020 00:52:02 Wire.java DEBUG [main] http.wire 73 -  << "[\r][\n]"
08-06-2020 00:52:02 DefaultClientConnection.java DEBUG [main] conn.DefaultClientConnection 259 - Receiving response: HTTP/1.1 200 OK
08-06-2020 00:52:02 DefaultClientConnection.java DEBUG [main] http.headers 262 - << HTTP/1.1 200 OK
08-06-2020 00:52:02 DefaultClientConnection.java DEBUG [main] http.headers 265 - << Date: Thu, 06 Aug 2020 05:52:01 GMT
08-06-2020 00:52:02 DefaultClientConnection.java DEBUG [main] http.headers 265 - << Server: Apache
08-06-2020 00:52:02 DefaultClientConnection.java DEBUG [main] http.headers 265 - << X-Powered-By: PHP/5.6.40
08-06-2020 00:52:02 DefaultClientConnection.java DEBUG [main] http.headers 265 - << Access-Control-Allow-Origin: *
08-06-2020 00:52:02 DefaultClientConnection.java DEBUG [main] http.headers 265 - << Access-Control-Allow-Methods: PUT
08-06-2020 00:52:02 DefaultClientConnection.java DEBUG [main] http.headers 265 - << Access-Control-Allow-Headers: Content-Type, Access-Control-Allow-Headers, Authorization, X-Requested-With
08-06-2020 00:52:02 DefaultClientConnection.java DEBUG [main] http.headers 265 - << Upgrade: h2,h2c
08-06-2020 00:52:02 DefaultClientConnection.java DEBUG [main] http.headers 265 - << Connection: Upgrade
08-06-2020 00:52:02 DefaultClientConnection.java DEBUG [main] http.headers 265 - << Content-Length: 23
08-06-2020 00:52:02 DefaultClientConnection.java DEBUG [main] http.headers 265 - << Content-Type: application/json; charset=UTF-8
08-06-2020 00:52:02 DefaultRequestDirector.java DEBUG [main] client.DefaultHttpClient 509 - Connection can be kept alive indefinitely
08-06-2020 00:52:02 HTTPBuilder.java DEBUG [main] internal.RequestSpecificationImpl$RestAssuredHttpBuilder 545 - Parsing response as: application/json; charset=UTF-8
08-06-2020 00:52:02 HTTPBuilder.java DEBUG [main] internal.RequestSpecificationImpl$RestAssuredHttpBuilder 548 - Parsed data to instance of: class org.apache.http.conn.EofSensorInputStream
08-06-2020 00:52:02 Wire.java DEBUG [main] http.wire 87 -  << "{"message":"Invlid ID"}"
08-06-2020 00:52:02 BasicClientConnectionManager.java DEBUG [main] conn.BasicClientConnectionManager 200 - Releasing connection org.apache.http.impl.conn.ManagedClientConnectionImpl@f555e7
08-06-2020 00:52:02 BasicClientConnectionManager.java DEBUG [main] conn.BasicClientConnectionManager 225 - Connection can be kept alive indefinitely
08-06-2020 00:52:02 Reusable_step.java INFO  [main] util.Apiutility 65 - ************responsemessage******************************
]]></system-out>
  </testcase>
</testsuite>